<?xml version="1.0" encoding="UTF-8"?>
<!-- Generated by org.testng.reporters.JUnitReportReporter -->
<testsuite skipped="0" hostname="LAPTOP-EMIQ8BEQ" name="com.Xero.TestCases.forgotPasswordTest" tests="1" failures="0" timestamp="2020-09-25T20:58:43 PDT" time="5.019" errors="0">
  <testcase name="TestForgotPassword" time="5.019" classname="com.Xero.TestCases.forgotPasswordTest"/>
  <system-out/>
</testsuite> <!-- com.Xero.TestCases.forgotPasswordTest -->
