<?xml version="1.0" encoding="UTF-8"?>
<!-- Generated by org.testng.reporters.JUnitReportReporter -->
<testsuite skipped="0" hostname="LAPTOP-EMIQ8BEQ" name="com.Xero.TestCases.startTrailOrganizationTest" tests="1" failures="0" timestamp="2020-09-28T10:04:50 PDT" time="40.441" errors="0">
  <testcase name="trailStartOrganizationTest" time="40.441" classname="com.Xero.TestCases.startTrailOrganizationTest"/>
  <system-out/>
</testsuite> <!-- com.Xero.TestCases.startTrailOrganizationTest -->
