<?xml version="1.0" encoding="UTF-8"?>
<!-- Generated by org.testng.reporters.JUnitReportReporter -->
<testsuite skipped="0" hostname="LAPTOP-EMIQ8BEQ" name="com.Xero.TestCases.loginTest" tests="3" failures="0" timestamp="2020-09-30T14:55:16 PDT" time="23.982" errors="0">
  <testcase name="logingIntoBrowserWithTestData" time="16.213" classname="com.Xero.TestCases.loginTest"/>
  <system-out/>
  <testcase name="logingIntoBrowserWithTestData" time="4.554" classname="com.Xero.TestCases.loginTest"/>
  <system-out/>
  <testcase name="logingIntoBrowserWithTestData" time="3.215" classname="com.Xero.TestCases.loginTest"/>
  <system-out/>
</testsuite> <!-- com.Xero.TestCases.loginTest -->
