<?xml version="1.0" encoding="UTF-8"?>
<!-- Generated by org.testng.reporters.JUnitReportReporter -->
<testsuite skipped="0" hostname="LAPTOP-EMIQ8BEQ" name="com.Xero.TestCases.signUpTest" tests="5" failures="0" timestamp="2020-09-29T19:04:44 PDT" time="20.342" errors="0">
  <testcase name="signupTestID02A" time="5.918" classname="com.Xero.TestCases.signUpTest"/>
  <system-out/>
  <testcase name="signupTestID02B" time="3.456" classname="com.Xero.TestCases.signUpTest"/>
  <system-out/>
  <testcase name="signupTestID02C" time="5.540" classname="com.Xero.TestCases.signUpTest"/>
  <system-out/>
  <testcase name="signupTestID02D" time="3.141" classname="com.Xero.TestCases.signUpTest"/>
  <system-out/>
  <testcase name="signupTestID02E" time="2.287" classname="com.Xero.TestCases.signUpTest"/>
  <system-out/>
</testsuite> <!-- com.Xero.TestCases.signUpTest -->
