<?xml version="1.0" encoding="UTF-8"?>
<!-- Generated by org.testng.reporters.JUnitReportReporter -->
<testsuite skipped="0" hostname="LAPTOP-EMIQ8BEQ" name="com.Xero.TestCases.uploadUserProfileImageTest" tests="1" failures="0" timestamp="2020-09-30T23:56:08 PDT" time="8.754" errors="0">
  <testcase name="uplaodImage" time="8.754" classname="com.Xero.TestCases.uploadUserProfileImageTest"/>
  <system-out/>
</testsuite> <!-- com.Xero.TestCases.uploadUserProfileImageTest -->
