<?xml version="1.0" encoding="UTF-8"?>
<!-- Generated by org.testng.reporters.JUnitReportReporter -->
<testsuite skipped="0" hostname="LAPTOP-EMIQ8BEQ" name="com.Xero.TestCases.allTabTest" tests="2" failures="0" timestamp="2020-09-26T11:47:18 PDT" time="14.144" errors="0">
  <testcase name="validateTrailMessage" time="0.027" classname="com.Xero.TestCases.allTabTest"/>
  <system-out/>
  <testcase name="AllTabTest" time="14.117" classname="com.Xero.TestCases.allTabTest"/>
  <system-out/>
</testsuite> <!-- com.Xero.TestCases.allTabTest -->
