<?xml version="1.0" encoding="UTF-8"?>
<!-- Generated by org.testng.reporters.JUnitReportReporter -->
<testsuite skipped="0" hostname="LAPTOP-EMIQ8BEQ" name="com.Xero.TestCases.loginTest" tests="3" failures="0" timestamp="2020-09-26T11:33:14 PDT" time="14.730" errors="0">
  <testcase name="logingIntoBrowserWithTestData" time="8.382" classname="com.Xero.TestCases.loginTest"/>
  <system-out/>
  <testcase name="logingIntoBrowserWithTestData" time="3.138" classname="com.Xero.TestCases.loginTest"/>
  <system-out/>
  <testcase name="logingIntoBrowserWithTestData" time="3.210" classname="com.Xero.TestCases.loginTest"/>
  <system-out/>
</testsuite> <!-- com.Xero.TestCases.loginTest -->
