<?xml version="1.0" encoding="UTF-8"?>
<!-- Generated by org.testng.reporters.JUnitReportReporter -->
<testsuite skipped="0" hostname="LAPTOP-EMIQ8BEQ" name="com.Xero.TestCases.logoutTest" tests="1" failures="0" timestamp="2020-09-26T17:03:21 PDT" time="4.696" errors="0">
  <testcase name="logoutUserTest" time="4.696" classname="com.Xero.TestCases.logoutTest"/>
  <system-out/>
</testsuite> <!-- com.Xero.TestCases.logoutTest -->
