<?xml version="1.0" encoding="UTF-8"?>
<!-- Generated by org.testng.reporters.JUnitReportReporter -->
<testsuite skipped="0" hostname="LAPTOP-EMIQ8BEQ" name="com.Xero.TestCases.buyNowOrganizationTest" tests="1" failures="0" timestamp="2020-09-28T10:09:52 PDT" time="44.156" errors="0">
  <testcase name="trailStartOrganizationTest" time="44.156" classname="com.Xero.TestCases.buyNowOrganizationTest"/>
  <system-out/>
</testsuite> <!-- com.Xero.TestCases.buyNowOrganizationTest -->
